2025-07-04 18:38:34,699 - __main__ - INFO - --- 开始设置数据库 ---
2025-07-04 18:38:34,699 - __main__ - INFO - 正在删除所有旧表...
2025-07-04 18:38:34,779 - __main__ - INFO - 正在创建所有新表...
2025-07-04 18:38:34,925 - __main__ - INFO - --- 数据库表已创建 ---
2025-07-04 18:38:34,925 - __main__ - INFO - --- 开始填充数据库 ---
2025-07-04 18:38:34,945 - app.data.init - INFO - 未找到管理员账户，正在创建...
2025-07-04 18:38:35,189 - app.data.init - INFO - 管理员用户创建成功
2025-07-04 18:38:35,209 - app.crud.level - INFO - 创建了新关卡: 初级挑战 (order: 1)
2025-07-04 18:38:35,209 - app.data.init - INFO - 关卡 '初级挑战' 创建成功
2025-07-04 18:38:35,219 - app.crud.email - INFO - 创建了新邮件: 您的账户已被锁定 (level_id: 1)
2025-07-04 18:38:35,219 - app.data.init - INFO - 邮件 '您的账户已被锁定' 创建成功
2025-07-04 18:38:35,239 - app.crud.email - INFO - 创建了新邮件: 本周新闻简报 (level_id: 1)
2025-07-04 18:38:35,239 - app.data.init - INFO - 邮件 '本周新闻简报' 创建成功
2025-07-04 18:38:35,269 - app.crud.email - INFO - 创建了新邮件: 您的订单发货通知 (level_id: 1)
2025-07-04 18:38:35,269 - app.data.init - INFO - 邮件 '您的订单发货通知' 创建成功
2025-07-04 18:38:35,290 - app.crud.email - INFO - 创建了新邮件: 今日天气预报 (level_id: 1)
2025-07-04 18:38:35,290 - app.data.init - INFO - 邮件 '今日天气预报' 创建成功
2025-07-04 18:38:35,303 - app.crud.email - INFO - 创建了新邮件: 您有5条未读消息 (level_id: 1)
2025-07-04 18:38:35,303 - app.data.init - INFO - 邮件 '您有5条未读消息' 创建成功
2025-07-04 18:38:35,309 - app.crud.email - INFO - 创建了新邮件: eBay购物小贴士 (level_id: 1)
2025-07-04 18:38:35,309 - app.data.init - INFO - 邮件 'eBay购物小贴士' 创建成功
2025-07-04 18:38:35,330 - app.crud.level - INFO - 创建了新关卡: 中级挑战 (order: 2)
2025-07-04 18:38:35,330 - app.data.init - INFO - 关卡 '中级挑战' 创建成功
2025-07-04 18:38:35,350 - app.crud.email - INFO - 创建了新邮件: 您的Microsoft账户需要更新 (level_id: 2)
2025-07-04 18:38:35,350 - app.data.init - INFO - 邮件 '您的Microsoft账户需要更新' 创建成功
2025-07-04 18:38:35,360 - app.crud.email - INFO - 创建了新邮件: 您的Amazon订单确认 #123-4567890 (level_id: 2)
2025-07-04 18:38:35,360 - app.data.init - INFO - 邮件 '您的Amazon订单确认 #123-4567890' 创建成功
2025-07-04 18:38:35,380 - app.crud.email - INFO - 创建了新邮件: 您的付款已处理 (level_id: 2)
2025-07-04 18:38:35,380 - app.data.init - INFO - 邮件 '您的付款已处理' 创建成功
2025-07-04 18:38:35,390 - app.crud.email - INFO - 创建了新邮件: 本周音乐推荐 (level_id: 2)
2025-07-04 18:38:35,390 - app.data.init - INFO - 邮件 '本周音乐推荐' 创建成功
2025-07-04 18:38:35,400 - app.crud.email - INFO - 创建了新邮件: 重要：您的银行账户异常活动 (level_id: 2)
2025-07-04 18:38:35,410 - app.data.init - INFO - 邮件 '重要：您的银行账户异常活动' 创建成功
2025-07-04 18:38:35,420 - app.crud.email - INFO - 创建了新邮件: 纽约时报：每日头条新闻 (level_id: 2)
2025-07-04 18:38:35,420 - app.data.init - INFO - 邮件 '纽约时报：每日头条新闻' 创建成功
2025-07-04 18:38:35,440 - app.crud.email - INFO - 创建了新邮件: 恭喜！您赢得了100万美元大奖 (level_id: 2)
2025-07-04 18:38:35,440 - app.data.init - INFO - 邮件 '恭喜！您赢得了100万美元大奖' 创建成功
2025-07-04 18:38:35,449 - app.crud.level - INFO - 创建了新关卡: 高级挑战 (order: 3)
2025-07-04 18:38:35,449 - app.data.init - INFO - 关卡 '高级挑战' 创建成功
2025-07-04 18:38:35,469 - app.crud.email - INFO - 创建了新邮件: 您的账户需要验证 (level_id: 3)
2025-07-04 18:38:35,469 - app.data.init - INFO - 邮件 '您的账户需要验证' 创建成功
2025-07-04 18:38:35,480 - app.crud.email - INFO - 创建了新邮件: 您的Apple ID已在新设备上登录 (level_id: 3)
2025-07-04 18:38:35,480 - app.data.init - INFO - 邮件 '您的Apple ID已在新设备上登录' 创建成功
2025-07-04 18:38:35,500 - app.crud.email - INFO - 创建了新邮件: 您的共享文档已更新 (level_id: 3)
2025-07-04 18:38:35,500 - app.data.init - INFO - 邮件 '您的共享文档已更新' 创建成功
2025-07-04 18:38:35,520 - app.crud.email - INFO - 创建了新邮件: 您的Netflix账户支付失败 (level_id: 3)
2025-07-04 18:38:35,520 - app.data.init - INFO - 邮件 '您的Netflix账户支付失败' 创建成功
2025-07-04 18:38:35,530 - app.crud.email - INFO - 创建了新邮件: 您有5个新的工作推荐 (level_id: 3)
2025-07-04 18:38:35,540 - app.data.init - INFO - 邮件 '您有5个新的工作推荐' 创建成功
2025-07-04 18:38:35,550 - app.crud.email - INFO - 创建了新邮件: 您的DHL包裹已延迟 (level_id: 3)
2025-07-04 18:38:35,550 - app.data.init - INFO - 邮件 '您的DHL包裹已延迟' 创建成功
2025-07-04 18:38:35,570 - app.crud.email - INFO - 创建了新邮件: Zoom会议记录已就绪 (level_id: 3)
2025-07-04 18:38:35,570 - app.data.init - INFO - 邮件 'Zoom会议记录已就绪' 创建成功
2025-07-04 18:38:35,590 - app.crud.level - INFO - 创建了新关卡: 专家挑战 (order: 4)
2025-07-04 18:38:35,590 - app.data.init - INFO - 关卡 '专家挑战' 创建成功
2025-07-04 18:38:35,610 - app.crud.email - INFO - 创建了新邮件: 员工福利政策更新 - 需要确认 (level_id: 4)
2025-07-04 18:38:35,610 - app.data.init - INFO - 邮件 '员工福利政策更新 - 需要确认' 创建成功
2025-07-04 18:38:35,620 - app.crud.email - INFO - 创建了新邮件: Google安全警报 - 账户恢复选项已更新 (level_id: 4)
2025-07-04 18:38:35,620 - app.data.init - INFO - 邮件 'Google安全警报 - 账户恢复选项已更新' 创建成功
2025-07-04 18:38:35,640 - app.crud.email - INFO - 创建了新邮件: 【重要】您的银行账户安全警告 (level_id: 4)
2025-07-04 18:38:35,640 - app.data.init - INFO - 邮件 '【重要】您的银行账户安全警告' 创建成功
2025-07-04 18:38:35,660 - app.crud.email - INFO - 创建了新邮件: 紧急：公司VPN访问凭证重置 (level_id: 4)
2025-07-04 18:38:35,660 - app.data.init - INFO - 邮件 '紧急：公司VPN访问凭证重置' 创建成功
2025-07-04 18:38:35,680 - app.crud.email - INFO - 创建了新邮件: 您的订单 #203-7654321-1234567 已发货 (level_id: 4)
2025-07-04 18:38:35,680 - app.data.init - INFO - 邮件 '您的订单 #203-7654321-1234567 已发货' 创建成功
2025-07-04 18:38:35,690 - app.crud.email - INFO - 创建了新邮件: 财务合同等待您签署 - 请尽快处理 (level_id: 4)
2025-07-04 18:38:35,690 - app.data.init - INFO - 邮件 '财务合同等待您签署 - 请尽快处理' 创建成功
2025-07-04 18:38:35,710 - app.crud.email - INFO - 创建了新邮件: 您的酒店预订确认 #MR123456789 (level_id: 4)
2025-07-04 18:38:35,710 - app.data.init - INFO - 邮件 '您的酒店预订确认 #MR123456789' 创建成功
2025-07-04 18:38:35,730 - app.crud.level - INFO - 创建了新关卡: 社交媒体钓鱼挑战 (order: 5)
2025-07-04 18:38:35,730 - app.data.init - INFO - 关卡 '社交媒体钓鱼挑战' 创建成功
2025-07-04 18:38:35,751 - app.crud.email - INFO - 创建了新邮件: 【微信安全中心】您的账号存在异常登录 (level_id: 5)
2025-07-04 18:38:35,751 - app.data.init - INFO - 邮件 '【微信安全中心】您的账号存在异常登录' 创建成功
2025-07-04 18:38:35,761 - app.crud.email - INFO - 创建了新邮件: 您的抖音视频获得官方推荐 (level_id: 5)
2025-07-04 18:38:35,761 - app.data.init - INFO - 邮件 '您的抖音视频获得官方推荐' 创建成功
2025-07-04 18:38:35,781 - app.crud.email - INFO - 创建了新邮件: TikTok Security: New Login Alert (level_id: 5)
2025-07-04 18:38:35,781 - app.data.init - INFO - 邮件 'TikTok Security: New Login Alert' 创建成功
2025-07-04 18:38:35,801 - app.crud.email - INFO - 创建了新邮件: 您有5条未读消息和3个新的职位推荐 (level_id: 5)
2025-07-04 18:38:35,801 - app.data.init - INFO - 邮件 '您有5条未读消息和3个新的职位推荐' 创建成功
2025-07-04 18:38:35,816 - app.crud.email - INFO - 创建了新邮件: Instagram: 您的账号已被举报违规 (level_id: 5)
2025-07-04 18:38:35,816 - app.data.init - INFO - 邮件 'Instagram: 您的账号已被举报违规' 创建成功
2025-07-04 18:38:35,821 - app.crud.email - INFO - 创建了新邮件: 恭喜您获得小红书品牌合作机会 (level_id: 5)
2025-07-04 18:38:35,821 - app.data.init - INFO - 邮件 '恭喜您获得小红书品牌合作机会' 创建成功
2025-07-04 18:38:35,841 - app.crud.email - INFO - 创建了新邮件: 知乎：您的回答获得官方推荐 (level_id: 5)
2025-07-04 18:38:35,841 - app.data.init - INFO - 邮件 '知乎：您的回答获得官方推荐' 创建成功
2025-07-04 18:38:35,851 - app.crud.email - INFO - 创建了新邮件: 【哔哩哔哩】您的账号可能存在安全风险 (level_id: 5)
2025-07-04 18:38:35,851 - app.data.init - INFO - 邮件 '【哔哩哔哩】您的账号可能存在安全风险' 创建成功
2025-07-04 18:38:35,851 - app.data.init - INFO - 示例数据初始化完成
2025-07-04 18:38:35,851 - __main__ - INFO - --- 数据库填充完成 ---
2025-07-04 18:38:35,851 - __main__ - INFO - --- 数据库设置成功 ---
2025-07-04 18:45:40,613 - __main__ - INFO - --- 开始设置数据库 ---
2025-07-04 18:45:40,613 - __main__ - INFO - 正在删除所有旧表...
2025-07-04 18:45:40,732 - __main__ - INFO - 正在创建所有新表...
2025-07-04 18:45:40,876 - __main__ - INFO - --- 数据库表已创建 ---
2025-07-04 18:45:40,876 - __main__ - INFO - --- 开始填充数据库 ---
2025-07-04 18:45:40,885 - app.data.init - INFO - 未找到管理员账户，正在创建...
2025-07-04 18:45:41,135 - app.data.init - INFO - 管理员用户创建成功
2025-07-04 18:45:41,151 - app.crud.level - INFO - 创建了新关卡: 初级挑战 (order: 1)
2025-07-04 18:45:41,151 - app.data.init - INFO - 关卡 '初级挑战' 创建成功
2025-07-04 18:45:41,181 - app.crud.email - INFO - 创建了新邮件: 您的账户已被锁定 (level_id: 1)
2025-07-04 18:45:41,181 - app.data.init - INFO - 邮件 '您的账户已被锁定' 创建成功
2025-07-04 18:45:41,200 - app.crud.email - INFO - 创建了新邮件: 本周新闻简报 (level_id: 1)
2025-07-04 18:45:41,200 - app.data.init - INFO - 邮件 '本周新闻简报' 创建成功
2025-07-04 18:45:41,218 - app.crud.email - INFO - 创建了新邮件: 您的订单发货通知 (level_id: 1)
2025-07-04 18:45:41,218 - app.data.init - INFO - 邮件 '您的订单发货通知' 创建成功
2025-07-04 18:45:41,230 - app.crud.email - INFO - 创建了新邮件: 今日天气预报 (level_id: 1)
2025-07-04 18:45:41,230 - app.data.init - INFO - 邮件 '今日天气预报' 创建成功
2025-07-04 18:45:41,253 - app.crud.email - INFO - 创建了新邮件: 您有5条未读消息 (level_id: 1)
2025-07-04 18:45:41,253 - app.data.init - INFO - 邮件 '您有5条未读消息' 创建成功
2025-07-04 18:45:41,266 - app.crud.email - INFO - 创建了新邮件: eBay购物小贴士 (level_id: 1)
2025-07-04 18:45:41,267 - app.data.init - INFO - 邮件 'eBay购物小贴士' 创建成功
2025-07-04 18:45:41,283 - app.crud.level - INFO - 创建了新关卡: 中级挑战 (order: 2)
2025-07-04 18:45:41,283 - app.data.init - INFO - 关卡 '中级挑战' 创建成功
2025-07-04 18:45:41,296 - app.crud.email - INFO - 创建了新邮件: 您的Microsoft账户需要更新 (level_id: 2)
2025-07-04 18:45:41,296 - app.data.init - INFO - 邮件 '您的Microsoft账户需要更新' 创建成功
2025-07-04 18:45:41,307 - app.crud.email - INFO - 创建了新邮件: 您的Amazon订单确认 #123-4567890 (level_id: 2)
2025-07-04 18:45:41,307 - app.data.init - INFO - 邮件 '您的Amazon订单确认 #123-4567890' 创建成功
2025-07-04 18:45:41,316 - app.crud.email - INFO - 创建了新邮件: 您的付款已处理 (level_id: 2)
2025-07-04 18:45:41,316 - app.data.init - INFO - 邮件 '您的付款已处理' 创建成功
2025-07-04 18:45:41,340 - app.crud.email - INFO - 创建了新邮件: 本周音乐推荐 (level_id: 2)
2025-07-04 18:45:41,340 - app.data.init - INFO - 邮件 '本周音乐推荐' 创建成功
2025-07-04 18:45:41,354 - app.crud.email - INFO - 创建了新邮件: 重要：您的银行账户异常活动 (level_id: 2)
2025-07-04 18:45:41,355 - app.data.init - INFO - 邮件 '重要：您的银行账户异常活动' 创建成功
2025-07-04 18:45:41,363 - app.crud.email - INFO - 创建了新邮件: 纽约时报：每日头条新闻 (level_id: 2)
2025-07-04 18:45:41,363 - app.data.init - INFO - 邮件 '纽约时报：每日头条新闻' 创建成功
2025-07-04 18:45:41,385 - app.crud.email - INFO - 创建了新邮件: 恭喜！您赢得了100万美元大奖 (level_id: 2)
2025-07-04 18:45:41,385 - app.data.init - INFO - 邮件 '恭喜！您赢得了100万美元大奖' 创建成功
2025-07-04 18:45:41,399 - app.crud.level - INFO - 创建了新关卡: 高级挑战 (order: 3)
2025-07-04 18:45:41,399 - app.data.init - INFO - 关卡 '高级挑战' 创建成功
2025-07-04 18:45:41,414 - app.crud.email - INFO - 创建了新邮件: 您的账户需要验证 (level_id: 3)
2025-07-04 18:45:41,414 - app.data.init - INFO - 邮件 '您的账户需要验证' 创建成功
2025-07-04 18:45:41,429 - app.crud.email - INFO - 创建了新邮件: 您的Apple ID已在新设备上登录 (level_id: 3)
2025-07-04 18:45:41,429 - app.data.init - INFO - 邮件 '您的Apple ID已在新设备上登录' 创建成功
2025-07-04 18:45:41,436 - app.crud.email - INFO - 创建了新邮件: 您的共享文档已更新 (level_id: 3)
2025-07-04 18:45:41,446 - app.data.init - INFO - 邮件 '您的共享文档已更新' 创建成功
2025-07-04 18:45:41,463 - app.crud.email - INFO - 创建了新邮件: 您的Netflix账户支付失败 (level_id: 3)
2025-07-04 18:45:41,463 - app.data.init - INFO - 邮件 '您的Netflix账户支付失败' 创建成功
2025-07-04 18:45:41,472 - app.crud.email - INFO - 创建了新邮件: 您有5个新的工作推荐 (level_id: 3)
2025-07-04 18:45:41,472 - app.data.init - INFO - 邮件 '您有5个新的工作推荐' 创建成功
2025-07-04 18:45:41,492 - app.crud.email - INFO - 创建了新邮件: 您的DHL包裹已延迟 (level_id: 3)
2025-07-04 18:45:41,492 - app.data.init - INFO - 邮件 '您的DHL包裹已延迟' 创建成功
2025-07-04 18:45:41,502 - app.crud.email - INFO - 创建了新邮件: Zoom会议记录已就绪 (level_id: 3)
2025-07-04 18:45:41,502 - app.data.init - INFO - 邮件 'Zoom会议记录已就绪' 创建成功
2025-07-04 18:45:41,526 - app.crud.level - INFO - 创建了新关卡: 专家挑战 (order: 4)
2025-07-04 18:45:41,527 - app.data.init - INFO - 关卡 '专家挑战' 创建成功
2025-07-04 18:45:41,534 - app.crud.email - INFO - 创建了新邮件: 员工福利政策更新 - 需要确认 (level_id: 4)
2025-07-04 18:45:41,534 - app.data.init - INFO - 邮件 '员工福利政策更新 - 需要确认' 创建成功
2025-07-04 18:45:41,554 - app.crud.email - INFO - 创建了新邮件: Google安全警报 - 账户恢复选项已更新 (level_id: 4)
2025-07-04 18:45:41,554 - app.data.init - INFO - 邮件 'Google安全警报 - 账户恢复选项已更新' 创建成功
2025-07-04 18:45:41,573 - app.crud.email - INFO - 创建了新邮件: 【重要】您的银行账户安全警告 (level_id: 4)
2025-07-04 18:45:41,574 - app.data.init - INFO - 邮件 '【重要】您的银行账户安全警告' 创建成功
2025-07-04 18:45:41,584 - app.crud.email - INFO - 创建了新邮件: 紧急：公司VPN访问凭证重置 (level_id: 4)
2025-07-04 18:45:41,584 - app.data.init - INFO - 邮件 '紧急：公司VPN访问凭证重置' 创建成功
2025-07-04 18:45:41,594 - app.crud.email - INFO - 创建了新邮件: 您的订单 #203-7654321-1234567 已发货 (level_id: 4)
2025-07-04 18:45:41,604 - app.data.init - INFO - 邮件 '您的订单 #203-7654321-1234567 已发货' 创建成功
2025-07-04 18:45:41,614 - app.crud.email - INFO - 创建了新邮件: 财务合同等待您签署 - 请尽快处理 (level_id: 4)
2025-07-04 18:45:41,614 - app.data.init - INFO - 邮件 '财务合同等待您签署 - 请尽快处理' 创建成功
2025-07-04 18:45:41,634 - app.crud.email - INFO - 创建了新邮件: 您的酒店预订确认 #MR123456789 (level_id: 4)
2025-07-04 18:45:41,634 - app.data.init - INFO - 邮件 '您的酒店预订确认 #MR123456789' 创建成功
2025-07-04 18:45:41,644 - app.crud.level - INFO - 创建了新关卡: 社交媒体钓鱼挑战 (order: 5)
2025-07-04 18:45:41,644 - app.data.init - INFO - 关卡 '社交媒体钓鱼挑战' 创建成功
2025-07-04 18:45:41,662 - app.crud.email - INFO - 创建了新邮件: 【微信安全中心】您的账号存在异常登录 (level_id: 5)
2025-07-04 18:45:41,662 - app.data.init - INFO - 邮件 '【微信安全中心】您的账号存在异常登录' 创建成功
2025-07-04 18:45:41,678 - app.crud.email - INFO - 创建了新邮件: 您的抖音视频获得官方推荐 (level_id: 5)
2025-07-04 18:45:41,678 - app.data.init - INFO - 邮件 '您的抖音视频获得官方推荐' 创建成功
2025-07-04 18:45:41,692 - app.crud.email - INFO - 创建了新邮件: TikTok Security: New Login Alert (level_id: 5)
2025-07-04 18:45:41,692 - app.data.init - INFO - 邮件 'TikTok Security: New Login Alert' 创建成功
2025-07-04 18:45:41,710 - app.crud.email - INFO - 创建了新邮件: 您有5条未读消息和3个新的职位推荐 (level_id: 5)
2025-07-04 18:45:41,710 - app.data.init - INFO - 邮件 '您有5条未读消息和3个新的职位推荐' 创建成功
2025-07-04 18:45:41,720 - app.crud.email - INFO - 创建了新邮件: Instagram: 您的账号已被举报违规 (level_id: 5)
2025-07-04 18:45:41,720 - app.data.init - INFO - 邮件 'Instagram: 您的账号已被举报违规' 创建成功
2025-07-04 18:45:41,730 - app.crud.email - INFO - 创建了新邮件: 恭喜您获得小红书品牌合作机会 (level_id: 5)
2025-07-04 18:45:41,740 - app.data.init - INFO - 邮件 '恭喜您获得小红书品牌合作机会' 创建成功
2025-07-04 18:45:41,750 - app.crud.email - INFO - 创建了新邮件: 知乎：您的回答获得官方推荐 (level_id: 5)
2025-07-04 18:45:41,750 - app.data.init - INFO - 邮件 '知乎：您的回答获得官方推荐' 创建成功
2025-07-04 18:45:41,765 - app.crud.email - INFO - 创建了新邮件: 【哔哩哔哩】您的账号可能存在安全风险 (level_id: 5)
2025-07-04 18:45:41,771 - app.data.init - INFO - 邮件 '【哔哩哔哩】您的账号可能存在安全风险' 创建成功
2025-07-04 18:45:41,771 - app.data.init - INFO - 示例数据初始化完成
2025-07-04 18:45:41,771 - __main__ - INFO - --- 数据库填充完成 ---
2025-07-04 18:45:41,771 - __main__ - INFO - --- 数据库设置成功 ---
2025-07-04 18:45:52,416 - __main__ - INFO - --- 开始设置数据库 ---
2025-07-04 18:45:52,416 - __main__ - INFO - 正在删除所有旧表...
2025-07-04 18:45:52,527 - __main__ - INFO - 正在创建所有新表...
2025-07-04 18:45:52,677 - __main__ - INFO - --- 数据库表已创建 ---
2025-07-04 18:45:52,677 - __main__ - INFO - --- 开始填充数据库 ---
2025-07-04 18:45:52,697 - app.data.init - INFO - 未找到管理员账户，正在创建...
2025-07-04 18:45:52,938 - app.data.init - INFO - 管理员用户创建成功
2025-07-04 18:45:52,958 - app.crud.level - INFO - 创建了新关卡: 初级挑战 (order: 1)
2025-07-04 18:45:52,958 - app.data.init - INFO - 关卡 '初级挑战' 创建成功
2025-07-04 18:45:52,978 - app.crud.email - INFO - 创建了新邮件: 您的账户已被锁定 (level_id: 1)
2025-07-04 18:45:52,978 - app.data.init - INFO - 邮件 '您的账户已被锁定' 创建成功
2025-07-04 18:45:52,988 - app.crud.email - INFO - 创建了新邮件: 本周新闻简报 (level_id: 1)
2025-07-04 18:45:52,998 - app.data.init - INFO - 邮件 '本周新闻简报' 创建成功
2025-07-04 18:45:53,008 - app.crud.email - INFO - 创建了新邮件: 您的订单发货通知 (level_id: 1)
2025-07-04 18:45:53,008 - app.data.init - INFO - 邮件 '您的订单发货通知' 创建成功
2025-07-04 18:45:53,018 - app.crud.email - INFO - 创建了新邮件: 今日天气预报 (level_id: 1)
2025-07-04 18:45:53,028 - app.data.init - INFO - 邮件 '今日天气预报' 创建成功
2025-07-04 18:45:53,038 - app.crud.email - INFO - 创建了新邮件: 您有5条未读消息 (level_id: 1)
2025-07-04 18:45:53,038 - app.data.init - INFO - 邮件 '您有5条未读消息' 创建成功
2025-07-04 18:45:53,048 - app.crud.email - INFO - 创建了新邮件: eBay购物小贴士 (level_id: 1)
2025-07-04 18:45:53,048 - app.data.init - INFO - 邮件 'eBay购物小贴士' 创建成功
2025-07-04 18:45:53,071 - app.crud.level - INFO - 创建了新关卡: 中级挑战 (order: 2)
2025-07-04 18:45:53,071 - app.data.init - INFO - 关卡 '中级挑战' 创建成功
2025-07-04 18:45:53,086 - app.crud.email - INFO - 创建了新邮件: 您的Microsoft账户需要更新 (level_id: 2)
2025-07-04 18:45:53,086 - app.data.init - INFO - 邮件 '您的Microsoft账户需要更新' 创建成功
2025-07-04 18:45:53,101 - app.crud.email - INFO - 创建了新邮件: 您的Amazon订单确认 #123-4567890 (level_id: 2)
2025-07-04 18:45:53,101 - app.data.init - INFO - 邮件 '您的Amazon订单确认 #123-4567890' 创建成功
2025-07-04 18:45:53,111 - app.crud.email - INFO - 创建了新邮件: 您的付款已处理 (level_id: 2)
2025-07-04 18:45:53,111 - app.data.init - INFO - 邮件 '您的付款已处理' 创建成功
2025-07-04 18:45:53,131 - app.crud.email - INFO - 创建了新邮件: 本周音乐推荐 (level_id: 2)
2025-07-04 18:45:53,131 - app.data.init - INFO - 邮件 '本周音乐推荐' 创建成功
2025-07-04 18:45:53,141 - app.crud.email - INFO - 创建了新邮件: 重要：您的银行账户异常活动 (level_id: 2)
2025-07-04 18:45:53,141 - app.data.init - INFO - 邮件 '重要：您的银行账户异常活动' 创建成功
2025-07-04 18:45:53,161 - app.crud.email - INFO - 创建了新邮件: 纽约时报：每日头条新闻 (level_id: 2)
2025-07-04 18:45:53,161 - app.data.init - INFO - 邮件 '纽约时报：每日头条新闻' 创建成功
2025-07-04 18:45:53,171 - app.crud.email - INFO - 创建了新邮件: 恭喜！您赢得了100万美元大奖 (level_id: 2)
2025-07-04 18:45:53,171 - app.data.init - INFO - 邮件 '恭喜！您赢得了100万美元大奖' 创建成功
2025-07-04 18:45:53,191 - app.crud.level - INFO - 创建了新关卡: 高级挑战 (order: 3)
2025-07-04 18:45:53,191 - app.data.init - INFO - 关卡 '高级挑战' 创建成功
2025-07-04 18:45:53,211 - app.crud.email - INFO - 创建了新邮件: 您的账户需要验证 (level_id: 3)
2025-07-04 18:45:53,211 - app.data.init - INFO - 邮件 '您的账户需要验证' 创建成功
2025-07-04 18:45:53,221 - app.crud.email - INFO - 创建了新邮件: 您的Apple ID已在新设备上登录 (level_id: 3)
2025-07-04 18:45:53,221 - app.data.init - INFO - 邮件 '您的Apple ID已在新设备上登录' 创建成功
2025-07-04 18:45:53,241 - app.crud.email - INFO - 创建了新邮件: 您的共享文档已更新 (level_id: 3)
2025-07-04 18:45:53,241 - app.data.init - INFO - 邮件 '您的共享文档已更新' 创建成功
2025-07-04 18:45:53,263 - app.crud.email - INFO - 创建了新邮件: 您的Netflix账户支付失败 (level_id: 3)
2025-07-04 18:45:53,263 - app.data.init - INFO - 邮件 '您的Netflix账户支付失败' 创建成功
2025-07-04 18:45:53,272 - app.crud.email - INFO - 创建了新邮件: 您有5个新的工作推荐 (level_id: 3)
2025-07-04 18:45:53,272 - app.data.init - INFO - 邮件 '您有5个新的工作推荐' 创建成功
2025-07-04 18:45:53,297 - app.crud.email - INFO - 创建了新邮件: 您的DHL包裹已延迟 (level_id: 3)
2025-07-04 18:45:53,297 - app.data.init - INFO - 邮件 '您的DHL包裹已延迟' 创建成功
2025-07-04 18:45:53,304 - app.crud.email - INFO - 创建了新邮件: Zoom会议记录已就绪 (level_id: 3)
2025-07-04 18:45:53,311 - app.data.init - INFO - 邮件 'Zoom会议记录已就绪' 创建成功
2025-07-04 18:45:53,326 - app.crud.level - INFO - 创建了新关卡: 专家挑战 (order: 4)
2025-07-04 18:45:53,326 - app.data.init - INFO - 关卡 '专家挑战' 创建成功
2025-07-04 18:45:53,341 - app.crud.email - INFO - 创建了新邮件: 员工福利政策更新 - 需要确认 (level_id: 4)
2025-07-04 18:45:53,341 - app.data.init - INFO - 邮件 '员工福利政策更新 - 需要确认' 创建成功
2025-07-04 18:45:53,353 - app.crud.email - INFO - 创建了新邮件: Google安全警报 - 账户恢复选项已更新 (level_id: 4)
2025-07-04 18:45:53,353 - app.data.init - INFO - 邮件 'Google安全警报 - 账户恢复选项已更新' 创建成功
2025-07-04 18:45:53,365 - app.crud.email - INFO - 创建了新邮件: 【重要】您的银行账户安全警告 (level_id: 4)
2025-07-04 18:45:53,365 - app.data.init - INFO - 邮件 '【重要】您的银行账户安全警告' 创建成功
2025-07-04 18:45:53,384 - app.crud.email - INFO - 创建了新邮件: 紧急：公司VPN访问凭证重置 (level_id: 4)
2025-07-04 18:45:53,384 - app.data.init - INFO - 邮件 '紧急：公司VPN访问凭证重置' 创建成功
2025-07-04 18:45:53,399 - app.crud.email - INFO - 创建了新邮件: 您的订单 #203-7654321-1234567 已发货 (level_id: 4)
2025-07-04 18:45:53,399 - app.data.init - INFO - 邮件 '您的订单 #203-7654321-1234567 已发货' 创建成功
2025-07-04 18:45:53,413 - app.crud.email - INFO - 创建了新邮件: 财务合同等待您签署 - 请尽快处理 (level_id: 4)
2025-07-04 18:45:53,413 - app.data.init - INFO - 邮件 '财务合同等待您签署 - 请尽快处理' 创建成功
2025-07-04 18:45:53,423 - app.crud.email - INFO - 创建了新邮件: 您的酒店预订确认 #MR123456789 (level_id: 4)
2025-07-04 18:45:53,423 - app.data.init - INFO - 邮件 '您的酒店预订确认 #MR123456789' 创建成功
2025-07-04 18:45:53,439 - app.crud.level - INFO - 创建了新关卡: 社交媒体钓鱼挑战 (order: 5)
2025-07-04 18:45:53,439 - app.data.init - INFO - 关卡 '社交媒体钓鱼挑战' 创建成功
2025-07-04 18:45:53,455 - app.crud.email - INFO - 创建了新邮件: 【微信安全中心】您的账号存在异常登录 (level_id: 5)
2025-07-04 18:45:53,455 - app.data.init - INFO - 邮件 '【微信安全中心】您的账号存在异常登录' 创建成功
2025-07-04 18:45:53,464 - app.crud.email - INFO - 创建了新邮件: 您的抖音视频获得官方推荐 (level_id: 5)
2025-07-04 18:45:53,464 - app.data.init - INFO - 邮件 '您的抖音视频获得官方推荐' 创建成功
2025-07-04 18:45:53,483 - app.crud.email - INFO - 创建了新邮件: TikTok Security: New Login Alert (level_id: 5)
2025-07-04 18:45:53,483 - app.data.init - INFO - 邮件 'TikTok Security: New Login Alert' 创建成功
2025-07-04 18:45:53,500 - app.crud.email - INFO - 创建了新邮件: 您有5条未读消息和3个新的职位推荐 (level_id: 5)
2025-07-04 18:45:53,500 - app.data.init - INFO - 邮件 '您有5条未读消息和3个新的职位推荐' 创建成功
2025-07-04 18:45:53,513 - app.crud.email - INFO - 创建了新邮件: Instagram: 您的账号已被举报违规 (level_id: 5)
2025-07-04 18:45:53,513 - app.data.init - INFO - 邮件 'Instagram: 您的账号已被举报违规' 创建成功
2025-07-04 18:45:53,523 - app.crud.email - INFO - 创建了新邮件: 恭喜您获得小红书品牌合作机会 (level_id: 5)
2025-07-04 18:45:53,523 - app.data.init - INFO - 邮件 '恭喜您获得小红书品牌合作机会' 创建成功
2025-07-04 18:45:53,533 - app.crud.email - INFO - 创建了新邮件: 知乎：您的回答获得官方推荐 (level_id: 5)
2025-07-04 18:45:53,533 - app.data.init - INFO - 邮件 '知乎：您的回答获得官方推荐' 创建成功
2025-07-04 18:45:53,553 - app.crud.email - INFO - 创建了新邮件: 【哔哩哔哩】您的账号可能存在安全风险 (level_id: 5)
2025-07-04 18:45:53,553 - app.data.init - INFO - 邮件 '【哔哩哔哩】您的账号可能存在安全风险' 创建成功
2025-07-04 18:45:53,557 - app.data.init - INFO - 示例数据初始化完成
2025-07-04 18:45:53,557 - __main__ - INFO - --- 数据库填充完成 ---
2025-07-04 18:45:53,557 - __main__ - INFO - --- 数据库设置成功 ---
2025-07-04 18:51:30,853 - __main__ - INFO - --- 开始设置数据库 ---
2025-07-04 18:51:30,854 - __main__ - INFO - 正在删除所有旧表...
2025-07-04 18:51:30,910 - __main__ - INFO - 正在创建所有新表...
2025-07-04 18:51:31,057 - __main__ - INFO - --- 数据库表已创建 ---
2025-07-04 18:51:31,057 - __main__ - INFO - --- 开始填充数据库 ---
2025-07-04 18:51:31,067 - app.data.init - INFO - 未找到管理员账户，正在创建...
2025-07-04 18:51:31,327 - app.data.init - INFO - 管理员用户创建成功
2025-07-04 18:51:31,354 - app.crud.level - INFO - 创建了新关卡: 初级挑战 (order: 1)
2025-07-04 18:51:31,354 - app.data.init - INFO - 关卡 '初级挑战' 创建成功
2025-07-04 18:51:31,372 - app.crud.email - INFO - 创建了新邮件: 您的账户已被锁定 (level_id: 1)
2025-07-04 18:51:31,372 - app.data.init - INFO - 邮件 '您的账户已被锁定' 创建成功
2025-07-04 18:51:31,387 - app.crud.email - INFO - 创建了新邮件: 本周新闻简报 (level_id: 1)
2025-07-04 18:51:31,388 - app.data.init - INFO - 邮件 '本周新闻简报' 创建成功
2025-07-04 18:51:31,403 - app.crud.email - INFO - 创建了新邮件: 您的订单发货通知 (level_id: 1)
2025-07-04 18:51:31,403 - app.data.init - INFO - 邮件 '您的订单发货通知' 创建成功
2025-07-04 18:51:31,418 - app.crud.email - INFO - 创建了新邮件: 今日天气预报 (level_id: 1)
2025-07-04 18:51:31,418 - app.data.init - INFO - 邮件 '今日天气预报' 创建成功
2025-07-04 18:51:31,433 - app.crud.email - INFO - 创建了新邮件: 您有5条未读消息 (level_id: 1)
2025-07-04 18:51:31,434 - app.data.init - INFO - 邮件 '您有5条未读消息' 创建成功
2025-07-04 18:51:31,450 - app.crud.email - INFO - 创建了新邮件: eBay购物小贴士 (level_id: 1)
2025-07-04 18:51:31,450 - app.data.init - INFO - 邮件 'eBay购物小贴士' 创建成功
2025-07-04 18:51:31,464 - app.crud.level - INFO - 创建了新关卡: 中级挑战 (order: 2)
2025-07-04 18:51:31,465 - app.data.init - INFO - 关卡 '中级挑战' 创建成功
2025-07-04 18:51:31,480 - app.crud.email - INFO - 创建了新邮件: 您的Microsoft账户需要更新 (level_id: 2)
2025-07-04 18:51:31,481 - app.data.init - INFO - 邮件 '您的Microsoft账户需要更新' 创建成功
2025-07-04 18:51:31,495 - app.crud.email - INFO - 创建了新邮件: 您的Amazon订单确认 #123-4567890 (level_id: 2)
2025-07-04 18:51:31,495 - app.data.init - INFO - 邮件 '您的Amazon订单确认 #123-4567890' 创建成功
2025-07-04 18:51:31,510 - app.crud.email - INFO - 创建了新邮件: 您的付款已处理 (level_id: 2)
2025-07-04 18:51:31,511 - app.data.init - INFO - 邮件 '您的付款已处理' 创建成功
2025-07-04 18:51:31,526 - app.crud.email - INFO - 创建了新邮件: 本周音乐推荐 (level_id: 2)
2025-07-04 18:51:31,526 - app.data.init - INFO - 邮件 '本周音乐推荐' 创建成功
2025-07-04 18:51:31,543 - app.crud.email - INFO - 创建了新邮件: 重要：您的银行账户异常活动 (level_id: 2)
2025-07-04 18:51:31,543 - app.data.init - INFO - 邮件 '重要：您的银行账户异常活动' 创建成功
2025-07-04 18:51:31,558 - app.crud.email - INFO - 创建了新邮件: 纽约时报：每日头条新闻 (level_id: 2)
2025-07-04 18:51:31,559 - app.data.init - INFO - 邮件 '纽约时报：每日头条新闻' 创建成功
2025-07-04 18:51:31,575 - app.crud.email - INFO - 创建了新邮件: 恭喜！您赢得了100万美元大奖 (level_id: 2)
2025-07-04 18:51:31,575 - app.data.init - INFO - 邮件 '恭喜！您赢得了100万美元大奖' 创建成功
2025-07-04 18:51:31,593 - app.crud.level - INFO - 创建了新关卡: 高级挑战 (order: 3)
2025-07-04 18:51:31,593 - app.data.init - INFO - 关卡 '高级挑战' 创建成功
2025-07-04 18:51:31,607 - app.crud.email - INFO - 创建了新邮件: 您的账户需要验证 (level_id: 3)
2025-07-04 18:51:31,608 - app.data.init - INFO - 邮件 '您的账户需要验证' 创建成功
2025-07-04 18:51:31,622 - app.crud.email - INFO - 创建了新邮件: 您的Apple ID已在新设备上登录 (level_id: 3)
2025-07-04 18:51:31,622 - app.data.init - INFO - 邮件 '您的Apple ID已在新设备上登录' 创建成功
2025-07-04 18:51:31,637 - app.crud.email - INFO - 创建了新邮件: 您的共享文档已更新 (level_id: 3)
2025-07-04 18:51:31,638 - app.data.init - INFO - 邮件 '您的共享文档已更新' 创建成功
2025-07-04 18:51:31,653 - app.crud.email - INFO - 创建了新邮件: 您的Netflix账户支付失败 (level_id: 3)
2025-07-04 18:51:31,654 - app.data.init - INFO - 邮件 '您的Netflix账户支付失败' 创建成功
2025-07-04 18:51:31,670 - app.crud.email - INFO - 创建了新邮件: 您有5个新的工作推荐 (level_id: 3)
2025-07-04 18:51:31,670 - app.data.init - INFO - 邮件 '您有5个新的工作推荐' 创建成功
2025-07-04 18:51:31,685 - app.crud.email - INFO - 创建了新邮件: 您的DHL包裹已延迟 (level_id: 3)
2025-07-04 18:51:31,686 - app.data.init - INFO - 邮件 '您的DHL包裹已延迟' 创建成功
2025-07-04 18:51:31,701 - app.crud.email - INFO - 创建了新邮件: Zoom会议记录已就绪 (level_id: 3)
2025-07-04 18:51:31,702 - app.data.init - INFO - 邮件 'Zoom会议记录已就绪' 创建成功
2025-07-04 18:51:31,717 - app.crud.level - INFO - 创建了新关卡: 专家挑战 (order: 4)
2025-07-04 18:51:31,717 - app.data.init - INFO - 关卡 '专家挑战' 创建成功
2025-07-04 18:51:31,732 - app.crud.email - INFO - 创建了新邮件: 员工福利政策更新 - 需要确认 (level_id: 4)
2025-07-04 18:51:31,732 - app.data.init - INFO - 邮件 '员工福利政策更新 - 需要确认' 创建成功
2025-07-04 18:51:31,748 - app.crud.email - INFO - 创建了新邮件: Google安全警报 - 账户恢复选项已更新 (level_id: 4)
2025-07-04 18:51:31,749 - app.data.init - INFO - 邮件 'Google安全警报 - 账户恢复选项已更新' 创建成功
2025-07-04 18:51:31,762 - app.crud.email - INFO - 创建了新邮件: 【重要】您的银行账户安全警告 (level_id: 4)
2025-07-04 18:51:31,762 - app.data.init - INFO - 邮件 '【重要】您的银行账户安全警告' 创建成功
2025-07-04 18:51:31,776 - app.crud.email - INFO - 创建了新邮件: 紧急：公司VPN访问凭证重置 (level_id: 4)
2025-07-04 18:51:31,776 - app.data.init - INFO - 邮件 '紧急：公司VPN访问凭证重置' 创建成功
2025-07-04 18:51:31,791 - app.crud.email - INFO - 创建了新邮件: 您的订单 #203-7654321-1234567 已发货 (level_id: 4)
2025-07-04 18:51:31,792 - app.data.init - INFO - 邮件 '您的订单 #203-7654321-1234567 已发货' 创建成功
2025-07-04 18:51:31,805 - app.crud.email - INFO - 创建了新邮件: 财务合同等待您签署 - 请尽快处理 (level_id: 4)
2025-07-04 18:51:31,805 - app.data.init - INFO - 邮件 '财务合同等待您签署 - 请尽快处理' 创建成功
2025-07-04 18:51:31,821 - app.crud.email - INFO - 创建了新邮件: 您的酒店预订确认 #MR123456789 (level_id: 4)
2025-07-04 18:51:31,821 - app.data.init - INFO - 邮件 '您的酒店预订确认 #MR123456789' 创建成功
2025-07-04 18:51:31,836 - app.crud.level - INFO - 创建了新关卡: 社交媒体钓鱼挑战 (order: 5)
2025-07-04 18:51:31,836 - app.data.init - INFO - 关卡 '社交媒体钓鱼挑战' 创建成功
2025-07-04 18:51:31,851 - app.crud.email - INFO - 创建了新邮件: 【微信安全中心】您的账号存在异常登录 (level_id: 5)
2025-07-04 18:51:31,851 - app.data.init - INFO - 邮件 '【微信安全中心】您的账号存在异常登录' 创建成功
2025-07-04 18:51:31,868 - app.crud.email - INFO - 创建了新邮件: 您的抖音视频获得官方推荐 (level_id: 5)
2025-07-04 18:51:31,868 - app.data.init - INFO - 邮件 '您的抖音视频获得官方推荐' 创建成功
2025-07-04 18:51:31,882 - app.crud.email - INFO - 创建了新邮件: TikTok Security: New Login Alert (level_id: 5)
2025-07-04 18:51:31,883 - app.data.init - INFO - 邮件 'TikTok Security: New Login Alert' 创建成功
2025-07-04 18:51:31,899 - app.crud.email - INFO - 创建了新邮件: 您有5条未读消息和3个新的职位推荐 (level_id: 5)
2025-07-04 18:51:31,899 - app.data.init - INFO - 邮件 '您有5条未读消息和3个新的职位推荐' 创建成功
2025-07-04 18:51:31,912 - app.crud.email - INFO - 创建了新邮件: Instagram: 您的账号已被举报违规 (level_id: 5)
2025-07-04 18:51:31,912 - app.data.init - INFO - 邮件 'Instagram: 您的账号已被举报违规' 创建成功
2025-07-04 18:51:31,927 - app.crud.email - INFO - 创建了新邮件: 恭喜您获得小红书品牌合作机会 (level_id: 5)
2025-07-04 18:51:31,928 - app.data.init - INFO - 邮件 '恭喜您获得小红书品牌合作机会' 创建成功
2025-07-04 18:51:31,941 - app.crud.email - INFO - 创建了新邮件: 知乎：您的回答获得官方推荐 (level_id: 5)
2025-07-04 18:51:31,941 - app.data.init - INFO - 邮件 '知乎：您的回答获得官方推荐' 创建成功
2025-07-04 18:51:31,956 - app.crud.email - INFO - 创建了新邮件: 【哔哩哔哩】您的账号可能存在安全风险 (level_id: 5)
2025-07-04 18:51:31,956 - app.data.init - INFO - 邮件 '【哔哩哔哩】您的账号可能存在安全风险' 创建成功
2025-07-04 18:51:31,956 - app.data.init - INFO - 示例数据初始化完成
2025-07-04 18:51:31,957 - __main__ - INFO - --- 数据库填充完成 ---
2025-07-04 18:51:31,957 - __main__ - INFO - --- 数据库设置成功 ---
2025-07-04 18:51:37,303 - __main__ - INFO - --- 开始设置数据库 ---
2025-07-04 18:51:37,303 - __main__ - INFO - 正在删除所有旧表...
2025-07-04 18:51:37,376 - __main__ - INFO - 正在创建所有新表...
2025-07-04 18:51:37,525 - __main__ - INFO - --- 数据库表已创建 ---
2025-07-04 18:51:37,526 - __main__ - INFO - --- 开始填充数据库 ---
2025-07-04 18:51:37,537 - app.data.init - INFO - 未找到管理员账户，正在创建...
2025-07-04 18:51:37,772 - app.data.init - INFO - 管理员用户创建成功
2025-07-04 18:51:37,789 - app.crud.level - INFO - 创建了新关卡: 初级挑战 (order: 1)
2025-07-04 18:51:37,789 - app.data.init - INFO - 关卡 '初级挑战' 创建成功
2025-07-04 18:51:37,806 - app.crud.email - INFO - 创建了新邮件: 您的账户已被锁定 (level_id: 1)
2025-07-04 18:51:37,806 - app.data.init - INFO - 邮件 '您的账户已被锁定' 创建成功
2025-07-04 18:51:37,821 - app.crud.email - INFO - 创建了新邮件: 本周新闻简报 (level_id: 1)
2025-07-04 18:51:37,821 - app.data.init - INFO - 邮件 '本周新闻简报' 创建成功
2025-07-04 18:51:37,836 - app.crud.email - INFO - 创建了新邮件: 您的订单发货通知 (level_id: 1)
2025-07-04 18:51:37,836 - app.data.init - INFO - 邮件 '您的订单发货通知' 创建成功
2025-07-04 18:51:37,851 - app.crud.email - INFO - 创建了新邮件: 今日天气预报 (level_id: 1)
2025-07-04 18:51:37,851 - app.data.init - INFO - 邮件 '今日天气预报' 创建成功
2025-07-04 18:51:37,867 - app.crud.email - INFO - 创建了新邮件: 您有5条未读消息 (level_id: 1)
2025-07-04 18:51:37,868 - app.data.init - INFO - 邮件 '您有5条未读消息' 创建成功
2025-07-04 18:51:37,883 - app.crud.email - INFO - 创建了新邮件: eBay购物小贴士 (level_id: 1)
2025-07-04 18:51:37,883 - app.data.init - INFO - 邮件 'eBay购物小贴士' 创建成功
2025-07-04 18:51:37,898 - app.crud.level - INFO - 创建了新关卡: 中级挑战 (order: 2)
2025-07-04 18:51:37,898 - app.data.init - INFO - 关卡 '中级挑战' 创建成功
2025-07-04 18:51:37,913 - app.crud.email - INFO - 创建了新邮件: 您的Microsoft账户需要更新 (level_id: 2)
2025-07-04 18:51:37,913 - app.data.init - INFO - 邮件 '您的Microsoft账户需要更新' 创建成功
2025-07-04 18:51:37,928 - app.crud.email - INFO - 创建了新邮件: 您的Amazon订单确认 #123-4567890 (level_id: 2)
2025-07-04 18:51:37,928 - app.data.init - INFO - 邮件 '您的Amazon订单确认 #123-4567890' 创建成功
2025-07-04 18:51:37,944 - app.crud.email - INFO - 创建了新邮件: 您的付款已处理 (level_id: 2)
2025-07-04 18:51:37,945 - app.data.init - INFO - 邮件 '您的付款已处理' 创建成功
2025-07-04 18:51:37,958 - app.crud.email - INFO - 创建了新邮件: 本周音乐推荐 (level_id: 2)
2025-07-04 18:51:37,959 - app.data.init - INFO - 邮件 '本周音乐推荐' 创建成功
2025-07-04 18:51:37,973 - app.crud.email - INFO - 创建了新邮件: 重要：您的银行账户异常活动 (level_id: 2)
2025-07-04 18:51:37,973 - app.data.init - INFO - 邮件 '重要：您的银行账户异常活动' 创建成功
2025-07-04 18:51:37,988 - app.crud.email - INFO - 创建了新邮件: 纽约时报：每日头条新闻 (level_id: 2)
2025-07-04 18:51:37,988 - app.data.init - INFO - 邮件 '纽约时报：每日头条新闻' 创建成功
2025-07-04 18:51:38,003 - app.crud.email - INFO - 创建了新邮件: 恭喜！您赢得了100万美元大奖 (level_id: 2)
2025-07-04 18:51:38,004 - app.data.init - INFO - 邮件 '恭喜！您赢得了100万美元大奖' 创建成功
2025-07-04 18:51:38,017 - app.crud.level - INFO - 创建了新关卡: 高级挑战 (order: 3)
2025-07-04 18:51:38,018 - app.data.init - INFO - 关卡 '高级挑战' 创建成功
2025-07-04 18:51:38,031 - app.crud.email - INFO - 创建了新邮件: 您的账户需要验证 (level_id: 3)
2025-07-04 18:51:38,032 - app.data.init - INFO - 邮件 '您的账户需要验证' 创建成功
2025-07-04 18:51:38,046 - app.crud.email - INFO - 创建了新邮件: 您的Apple ID已在新设备上登录 (level_id: 3)
2025-07-04 18:51:38,046 - app.data.init - INFO - 邮件 '您的Apple ID已在新设备上登录' 创建成功
2025-07-04 18:51:38,060 - app.crud.email - INFO - 创建了新邮件: 您的共享文档已更新 (level_id: 3)
2025-07-04 18:51:38,060 - app.data.init - INFO - 邮件 '您的共享文档已更新' 创建成功
2025-07-04 18:51:38,074 - app.crud.email - INFO - 创建了新邮件: 您的Netflix账户支付失败 (level_id: 3)
2025-07-04 18:51:38,075 - app.data.init - INFO - 邮件 '您的Netflix账户支付失败' 创建成功
2025-07-04 18:51:38,088 - app.crud.email - INFO - 创建了新邮件: 您有5个新的工作推荐 (level_id: 3)
2025-07-04 18:51:38,089 - app.data.init - INFO - 邮件 '您有5个新的工作推荐' 创建成功
2025-07-04 18:51:38,104 - app.crud.email - INFO - 创建了新邮件: 您的DHL包裹已延迟 (level_id: 3)
2025-07-04 18:51:38,104 - app.data.init - INFO - 邮件 '您的DHL包裹已延迟' 创建成功
2025-07-04 18:51:38,119 - app.crud.email - INFO - 创建了新邮件: Zoom会议记录已就绪 (level_id: 3)
2025-07-04 18:51:38,119 - app.data.init - INFO - 邮件 'Zoom会议记录已就绪' 创建成功
2025-07-04 18:51:38,134 - app.crud.level - INFO - 创建了新关卡: 专家挑战 (order: 4)
2025-07-04 18:51:38,135 - app.data.init - INFO - 关卡 '专家挑战' 创建成功
2025-07-04 18:51:38,149 - app.crud.email - INFO - 创建了新邮件: 员工福利政策更新 - 需要确认 (level_id: 4)
2025-07-04 18:51:38,149 - app.data.init - INFO - 邮件 '员工福利政策更新 - 需要确认' 创建成功
2025-07-04 18:51:38,164 - app.crud.email - INFO - 创建了新邮件: Google安全警报 - 账户恢复选项已更新 (level_id: 4)
2025-07-04 18:51:38,165 - app.data.init - INFO - 邮件 'Google安全警报 - 账户恢复选项已更新' 创建成功
2025-07-04 18:51:38,180 - app.crud.email - INFO - 创建了新邮件: 【重要】您的银行账户安全警告 (level_id: 4)
2025-07-04 18:51:38,180 - app.data.init - INFO - 邮件 '【重要】您的银行账户安全警告' 创建成功
2025-07-04 18:51:38,195 - app.crud.email - INFO - 创建了新邮件: 紧急：公司VPN访问凭证重置 (level_id: 4)
2025-07-04 18:51:38,196 - app.data.init - INFO - 邮件 '紧急：公司VPN访问凭证重置' 创建成功
2025-07-04 18:51:38,209 - app.crud.email - INFO - 创建了新邮件: 您的订单 #203-7654321-1234567 已发货 (level_id: 4)
2025-07-04 18:51:38,209 - app.data.init - INFO - 邮件 '您的订单 #203-7654321-1234567 已发货' 创建成功
2025-07-04 18:51:38,225 - app.crud.email - INFO - 创建了新邮件: 财务合同等待您签署 - 请尽快处理 (level_id: 4)
2025-07-04 18:51:38,225 - app.data.init - INFO - 邮件 '财务合同等待您签署 - 请尽快处理' 创建成功
2025-07-04 18:51:38,239 - app.crud.email - INFO - 创建了新邮件: 您的酒店预订确认 #MR123456789 (level_id: 4)
2025-07-04 18:51:38,240 - app.data.init - INFO - 邮件 '您的酒店预订确认 #MR123456789' 创建成功
2025-07-04 18:51:38,253 - app.crud.level - INFO - 创建了新关卡: 社交媒体钓鱼挑战 (order: 5)
2025-07-04 18:51:38,254 - app.data.init - INFO - 关卡 '社交媒体钓鱼挑战' 创建成功
2025-07-04 18:51:38,269 - app.crud.email - INFO - 创建了新邮件: 【微信安全中心】您的账号存在异常登录 (level_id: 5)
2025-07-04 18:51:38,269 - app.data.init - INFO - 邮件 '【微信安全中心】您的账号存在异常登录' 创建成功
2025-07-04 18:51:38,284 - app.crud.email - INFO - 创建了新邮件: 您的抖音视频获得官方推荐 (level_id: 5)
2025-07-04 18:51:38,284 - app.data.init - INFO - 邮件 '您的抖音视频获得官方推荐' 创建成功
2025-07-04 18:51:38,299 - app.crud.email - INFO - 创建了新邮件: TikTok Security: New Login Alert (level_id: 5)
2025-07-04 18:51:38,299 - app.data.init - INFO - 邮件 'TikTok Security: New Login Alert' 创建成功
2025-07-04 18:51:38,313 - app.crud.email - INFO - 创建了新邮件: 您有5条未读消息和3个新的职位推荐 (level_id: 5)
2025-07-04 18:51:38,313 - app.data.init - INFO - 邮件 '您有5条未读消息和3个新的职位推荐' 创建成功
2025-07-04 18:51:38,331 - app.crud.email - INFO - 创建了新邮件: Instagram: 您的账号已被举报违规 (level_id: 5)
2025-07-04 18:51:38,331 - app.data.init - INFO - 邮件 'Instagram: 您的账号已被举报违规' 创建成功
2025-07-04 18:51:38,346 - app.crud.email - INFO - 创建了新邮件: 恭喜您获得小红书品牌合作机会 (level_id: 5)
2025-07-04 18:51:38,347 - app.data.init - INFO - 邮件 '恭喜您获得小红书品牌合作机会' 创建成功
2025-07-04 18:51:38,361 - app.crud.email - INFO - 创建了新邮件: 知乎：您的回答获得官方推荐 (level_id: 5)
2025-07-04 18:51:38,361 - app.data.init - INFO - 邮件 '知乎：您的回答获得官方推荐' 创建成功
2025-07-04 18:51:38,375 - app.crud.email - INFO - 创建了新邮件: 【哔哩哔哩】您的账号可能存在安全风险 (level_id: 5)
2025-07-04 18:51:38,375 - app.data.init - INFO - 邮件 '【哔哩哔哩】您的账号可能存在安全风险' 创建成功
2025-07-04 18:51:38,375 - app.data.init - INFO - 示例数据初始化完成
2025-07-04 18:51:38,375 - __main__ - INFO - --- 数据库填充完成 ---
2025-07-04 18:51:38,376 - __main__ - INFO - --- 数据库设置成功 ---
2025-07-04 19:15:47,961 - __main__ - INFO - --- 开始设置数据库 ---
2025-07-04 19:15:47,962 - __main__ - INFO - 正在删除所有旧表...
2025-07-04 19:15:48,015 - __main__ - INFO - 正在创建所有新表...
2025-07-04 19:15:48,169 - __main__ - INFO - --- 数据库表已创建 ---
2025-07-04 19:15:48,170 - __main__ - INFO - --- 开始填充数据库 ---
2025-07-04 19:15:48,182 - app.data.init - INFO - 未找到管理员账户，正在创建...
2025-07-04 19:15:48,427 - app.data.init - INFO - 管理员用户创建成功
2025-07-04 19:15:48,449 - app.crud.level - INFO - 创建了新关卡: 初级挑战 (order: 1)
2025-07-04 19:15:48,449 - app.data.init - INFO - 关卡 '初级挑战' 创建成功
2025-07-04 19:15:48,464 - app.crud.email - INFO - 创建了新邮件: 您的账户已被锁定 (level_id: 1)
2025-07-04 19:15:48,465 - app.data.init - INFO - 邮件 '您的账户已被锁定' 创建成功
2025-07-04 19:15:48,480 - app.crud.email - INFO - 创建了新邮件: 本周新闻简报 (level_id: 1)
2025-07-04 19:15:48,480 - app.data.init - INFO - 邮件 '本周新闻简报' 创建成功
2025-07-04 19:15:48,494 - app.crud.email - INFO - 创建了新邮件: 您的订单发货通知 (level_id: 1)
2025-07-04 19:15:48,494 - app.data.init - INFO - 邮件 '您的订单发货通知' 创建成功
2025-07-04 19:15:48,510 - app.crud.email - INFO - 创建了新邮件: 今日天气预报 (level_id: 1)
2025-07-04 19:15:48,510 - app.data.init - INFO - 邮件 '今日天气预报' 创建成功
2025-07-04 19:15:48,526 - app.crud.email - INFO - 创建了新邮件: 您有5条未读消息 (level_id: 1)
2025-07-04 19:15:48,526 - app.data.init - INFO - 邮件 '您有5条未读消息' 创建成功
2025-07-04 19:15:48,540 - app.crud.email - INFO - 创建了新邮件: eBay购物小贴士 (level_id: 1)
2025-07-04 19:15:48,540 - app.data.init - INFO - 邮件 'eBay购物小贴士' 创建成功
2025-07-04 19:15:48,552 - app.crud.level - INFO - 创建了新关卡: 中级挑战 (order: 2)
2025-07-04 19:15:48,554 - app.data.init - INFO - 关卡 '中级挑战' 创建成功
2025-07-04 19:15:48,569 - app.crud.email - INFO - 创建了新邮件: 您的Microsoft账户需要更新 (level_id: 2)
2025-07-04 19:15:48,569 - app.data.init - INFO - 邮件 '您的Microsoft账户需要更新' 创建成功
2025-07-04 19:15:48,585 - app.crud.email - INFO - 创建了新邮件: 您的Amazon订单确认 #123-4567890 (level_id: 2)
2025-07-04 19:15:48,586 - app.data.init - INFO - 邮件 '您的Amazon订单确认 #123-4567890' 创建成功
2025-07-04 19:15:48,604 - app.crud.email - INFO - 创建了新邮件: 您的付款已处理 (level_id: 2)
2025-07-04 19:15:48,604 - app.data.init - INFO - 邮件 '您的付款已处理' 创建成功
2025-07-04 19:15:48,620 - app.crud.email - INFO - 创建了新邮件: 本周音乐推荐 (level_id: 2)
2025-07-04 19:15:48,620 - app.data.init - INFO - 邮件 '本周音乐推荐' 创建成功
2025-07-04 19:15:48,643 - app.crud.email - INFO - 创建了新邮件: 重要：您的银行账户异常活动 (level_id: 2)
2025-07-04 19:15:48,644 - app.data.init - INFO - 邮件 '重要：您的银行账户异常活动' 创建成功
2025-07-04 19:15:48,657 - app.crud.email - INFO - 创建了新邮件: 纽约时报：每日头条新闻 (level_id: 2)
2025-07-04 19:15:48,658 - app.data.init - INFO - 邮件 '纽约时报：每日头条新闻' 创建成功
2025-07-04 19:15:48,674 - app.crud.email - INFO - 创建了新邮件: 恭喜！您赢得了100万美元大奖 (level_id: 2)
2025-07-04 19:15:48,674 - app.data.init - INFO - 邮件 '恭喜！您赢得了100万美元大奖' 创建成功
2025-07-04 19:15:48,688 - app.crud.level - INFO - 创建了新关卡: 高级挑战 (order: 3)
2025-07-04 19:15:48,689 - app.data.init - INFO - 关卡 '高级挑战' 创建成功
2025-07-04 19:15:48,703 - app.crud.email - INFO - 创建了新邮件: 您的账户需要验证 (level_id: 3)
2025-07-04 19:15:48,703 - app.data.init - INFO - 邮件 '您的账户需要验证' 创建成功
2025-07-04 19:15:48,717 - app.crud.email - INFO - 创建了新邮件: 您的Apple ID已在新设备上登录 (level_id: 3)
2025-07-04 19:15:48,718 - app.data.init - INFO - 邮件 '您的Apple ID已在新设备上登录' 创建成功
2025-07-04 19:15:48,732 - app.crud.email - INFO - 创建了新邮件: 您的共享文档已更新 (level_id: 3)
2025-07-04 19:15:48,733 - app.data.init - INFO - 邮件 '您的共享文档已更新' 创建成功
2025-07-04 19:15:48,746 - app.crud.email - INFO - 创建了新邮件: 您的Netflix账户支付失败 (level_id: 3)
2025-07-04 19:15:48,746 - app.data.init - INFO - 邮件 '您的Netflix账户支付失败' 创建成功
2025-07-04 19:15:48,761 - app.crud.email - INFO - 创建了新邮件: 您有5个新的工作推荐 (level_id: 3)
2025-07-04 19:15:48,761 - app.data.init - INFO - 邮件 '您有5个新的工作推荐' 创建成功
2025-07-04 19:15:48,776 - app.crud.email - INFO - 创建了新邮件: 您的DHL包裹已延迟 (level_id: 3)
2025-07-04 19:15:48,776 - app.data.init - INFO - 邮件 '您的DHL包裹已延迟' 创建成功
2025-07-04 19:15:48,789 - app.crud.email - INFO - 创建了新邮件: Zoom会议记录已就绪 (level_id: 3)
2025-07-04 19:15:48,789 - app.data.init - INFO - 邮件 'Zoom会议记录已就绪' 创建成功
2025-07-04 19:15:48,802 - app.crud.level - INFO - 创建了新关卡: 专家挑战 (order: 4)
2025-07-04 19:15:48,802 - app.data.init - INFO - 关卡 '专家挑战' 创建成功
2025-07-04 19:15:48,815 - app.crud.email - INFO - 创建了新邮件: 员工福利政策更新 - 需要确认 (level_id: 4)
2025-07-04 19:15:48,816 - app.data.init - INFO - 邮件 '员工福利政策更新 - 需要确认' 创建成功
2025-07-04 19:15:48,831 - app.crud.email - INFO - 创建了新邮件: Google安全警报 - 账户恢复选项已更新 (level_id: 4)
2025-07-04 19:15:48,831 - app.data.init - INFO - 邮件 'Google安全警报 - 账户恢复选项已更新' 创建成功
2025-07-04 19:15:48,847 - app.crud.email - INFO - 创建了新邮件: 【重要】您的银行账户安全警告 (level_id: 4)
2025-07-04 19:15:48,847 - app.data.init - INFO - 邮件 '【重要】您的银行账户安全警告' 创建成功
2025-07-04 19:15:48,862 - app.crud.email - INFO - 创建了新邮件: 紧急：公司VPN访问凭证重置 (level_id: 4)
2025-07-04 19:15:48,863 - app.data.init - INFO - 邮件 '紧急：公司VPN访问凭证重置' 创建成功
2025-07-04 19:15:48,875 - app.crud.email - INFO - 创建了新邮件: 您的订单 #203-7654321-1234567 已发货 (level_id: 4)
2025-07-04 19:15:48,875 - app.data.init - INFO - 邮件 '您的订单 #203-7654321-1234567 已发货' 创建成功
2025-07-04 19:15:48,888 - app.crud.email - INFO - 创建了新邮件: 财务合同等待您签署 - 请尽快处理 (level_id: 4)
2025-07-04 19:15:48,888 - app.data.init - INFO - 邮件 '财务合同等待您签署 - 请尽快处理' 创建成功
2025-07-04 19:15:48,905 - app.crud.email - INFO - 创建了新邮件: 您的酒店预订确认 #MR123456789 (level_id: 4)
2025-07-04 19:15:48,905 - app.data.init - INFO - 邮件 '您的酒店预订确认 #MR123456789' 创建成功
2025-07-04 19:15:48,920 - app.crud.level - INFO - 创建了新关卡: 社交媒体钓鱼挑战 (order: 5)
2025-07-04 19:15:48,921 - app.data.init - INFO - 关卡 '社交媒体钓鱼挑战' 创建成功
2025-07-04 19:15:48,936 - app.crud.email - INFO - 创建了新邮件: 【微信安全中心】您的账号存在异常登录 (level_id: 5)
2025-07-04 19:15:48,936 - app.data.init - INFO - 邮件 '【微信安全中心】您的账号存在异常登录' 创建成功
2025-07-04 19:15:48,952 - app.crud.email - INFO - 创建了新邮件: 您的抖音视频获得官方推荐 (level_id: 5)
2025-07-04 19:15:48,952 - app.data.init - INFO - 邮件 '您的抖音视频获得官方推荐' 创建成功
2025-07-04 19:15:48,965 - app.crud.email - INFO - 创建了新邮件: TikTok Security: New Login Alert (level_id: 5)
2025-07-04 19:15:48,966 - app.data.init - INFO - 邮件 'TikTok Security: New Login Alert' 创建成功
2025-07-04 19:15:48,982 - app.crud.email - INFO - 创建了新邮件: 您有5条未读消息和3个新的职位推荐 (level_id: 5)
2025-07-04 19:15:48,982 - app.data.init - INFO - 邮件 '您有5条未读消息和3个新的职位推荐' 创建成功
2025-07-04 19:15:48,997 - app.crud.email - INFO - 创建了新邮件: Instagram: 您的账号已被举报违规 (level_id: 5)
2025-07-04 19:15:48,997 - app.data.init - INFO - 邮件 'Instagram: 您的账号已被举报违规' 创建成功
2025-07-04 19:15:49,011 - app.crud.email - INFO - 创建了新邮件: 恭喜您获得小红书品牌合作机会 (level_id: 5)
2025-07-04 19:15:49,011 - app.data.init - INFO - 邮件 '恭喜您获得小红书品牌合作机会' 创建成功
2025-07-04 19:15:49,026 - app.crud.email - INFO - 创建了新邮件: 知乎：您的回答获得官方推荐 (level_id: 5)
2025-07-04 19:15:49,027 - app.data.init - INFO - 邮件 '知乎：您的回答获得官方推荐' 创建成功
2025-07-04 19:15:49,039 - app.crud.email - INFO - 创建了新邮件: 【哔哩哔哩】您的账号可能存在安全风险 (level_id: 5)
2025-07-04 19:15:49,040 - app.data.init - INFO - 邮件 '【哔哩哔哩】您的账号可能存在安全风险' 创建成功
2025-07-04 19:15:49,040 - app.data.init - INFO - 示例数据初始化完成
2025-07-04 19:15:49,040 - __main__ - INFO - --- 数据库填充完成 ---
2025-07-04 19:15:49,040 - __main__ - INFO - --- 数据库设置成功 ---
